Using pre-set license
Built from '2021.1/staging' branch; Version is '2021.1.9f1 (7a790e367ab3) revision 8026382'; Using compiler version '192528614'; Build Type 'Release'
OS: 'Windows 10 Enterprise; OS build 19042.867; Version 2009; 64bit' Language: 'en' Physical Memory: 32603 MB
BatchMode: 1, IsHumanControllingUs: 0, StartBugReporterOnCrash: 0, Is64bit: 1, IsPro: 0

 COMMAND LINE ARGUMENTS:
C:\Program Files\Unity\Editor\Unity.exe
-adb2
-batchMode
-noUpm
-name
AssetImportWorker0
-projectPath
C:/Users/270030111/Unity Project 05 - Animation
-logFile
Logs/AssetImportWorker0.log
-srvPort
51006
Successfully changed project path to: C:/Users/270030111/Unity Project 05 - Animation
C:/Users/270030111/Unity Project 05 - Animation
Using Asset Import Pipeline V2.
Refreshing native plugins compatible for Editor in 69.18 ms, found 3 plugins.
Preloading 0 native plugins for Editor in 0.00 ms.
Initialize engine version: 2021.1.9f1 (7a790e367ab3)
[Subsystems] Discovering subsystems at path C:/Program Files/Unity/Editor/Data/Resources/UnitySubsystems
[Subsystems] Discovering subsystems at path C:/Users/270030111/Unity Project 05 - Animation/Assets
GfxDevice: creating device client; threaded=0; jobified=0
Direct3D:
    Version:  Direct3D 11.0 [level 11.1]
    Renderer: NVIDIA GeForce GTX 1080 (ID=0x1b80)
    Vendor:   NVIDIA
    VRAM:     8079 MB
    Driver:   27.21.14.6089
Initialize mono
Mono path[0] = 'C:/Program Files/Unity/Editor/Data/Managed'
Mono path[1] = 'C:/Program Files/Unity/Editor/Data/MonoBleedingEdge/lib/mono/unityjit'
Mono config path = 'C:/Program Files/Unity/Editor/Data/MonoBleedingEdge/etc'
Using monoOptions --debugger-agent=transport=dt_socket,embedding=1,server=y,suspend=n,address=127.0.0.1:56892
Begin MonoManager ReloadAssembly
Registering precompiled unity dll's ...
Register platform support module: C:/Program Files/Unity/Editor/Data/PlaybackEngines/WebGLSupport/UnityEditor.WebGL.Extensions.dll
Register platform support module: C:/Program Files/Unity/Editor/Data/PlaybackEngines/MacStandaloneSupport/UnityEditor.OSXStandalone.Extensions.dll
Register platform support module: C:/Program Files/Unity/Editor/Data/PlaybackEngines/WindowsStandaloneSupport/UnityEditor.WindowsStandalone.Extensions.dll
Register platform support module: C:/Program Files/Unity/Editor/Data/PlaybackEngines/LinuxStandaloneSupport/UnityEditor.LinuxStandalone.Extensions.dll
Registered in 0.002061 seconds.
Native extension for LinuxStandalone target not found
Native extension for WindowsStandalone target not found
Native extension for OSXStandalone target not found
Native extension for WebGL target not found
Refreshing native plugins compatible for Editor in 69.66 ms, found 3 plugins.
Preloading 0 native plugins for Editor in 0.00 ms.
Mono: successfully reloaded assembly
- Completed reload, in  1.142 seconds
Domain Reload Profiling:
	ReloadAssembly (1142ms)
		BeginReloadAssembly (44ms)
			ExecutionOrderSort (0ms)
			DisableScriptedObjects (0ms)
			BackupInstance (0ms)
			ReleaseScriptingObjects (0ms)
			CreateAndSetChildDomain (1ms)
		EndReloadAssembly (421ms)
			LoadAssemblies (43ms)
			RebuildTransferFunctionScriptingTraits (0ms)
			SetupTypeCache (159ms)
			ReleaseScriptCaches (0ms)
			RebuildScriptCaches (29ms)
			SetupLoadedEditorAssemblies (193ms)
				LogAssemblyErrors (0ms)
				InitializePlatformSupportModulesInManaged (8ms)
				SetLoadedEditorAssemblies (0ms)
				RefreshPlugins (70ms)
				BeforeProcessingInitializeOnLoad (1ms)
				ProcessInitializeOnLoadAttributes (88ms)
				ProcessInitializeOnLoadMethodAttributes (26ms)
				AfterProcessingInitializeOnLoad (0ms)
				EditorAssembliesLoaded (0ms)
			ExecutionOrderSort2 (0ms)
			AwakeInstancesAfterBackupRestoration (0ms)
Platform modules already initialized, skipping
Registering precompiled user dll's ...
Registered in 0.004477 seconds.
Begin MonoManager ReloadAssembly
Symbol file LoadedFromMemory doesn't match image C:\Users\270030111\Unity Project 05 - Animation\Library\PackageCache\com.unity.visualscripting@1.6.1\Editor\VisualScripting.Core\Dependencies\YamlDotNet\Unity.VisualScripting.YamlDotNet.dll
Symbol file LoadedFromMemory doesn't match image C:\Users\270030111\Unity Project 05 - Animation\Library\PackageCache\com.unity.visualscripting@1.6.1\Editor\VisualScripting.Core\Dependencies\DotNetZip\Unity.VisualScripting.IonicZip.dll
Native extension for LinuxStandalone target not found
Native extension for WindowsStandalone target not found
Native extension for OSXStandalone target not found
Native extension for WebGL target not found
Refreshing native plugins compatible for Editor in 0.50 ms, found 3 plugins.
Preloading 0 native plugins for Editor in 0.00 ms.
Mono: successfully reloaded assembly
- Completed reload, in  0.951 seconds
Domain Reload Profiling:
	ReloadAssembly (951ms)
		BeginReloadAssembly (130ms)
			ExecutionOrderSort (0ms)
			DisableScriptedObjects (4ms)
			BackupInstance (0ms)
			ReleaseScriptingObjects (0ms)
			CreateAndSetChildDomain (18ms)
		EndReloadAssembly (769ms)
			LoadAssemblies (73ms)
			RebuildTransferFunctionScriptingTraits (0ms)
			SetupTypeCache (295ms)
			ReleaseScriptCaches (0ms)
			RebuildScriptCaches (41ms)
			SetupLoadedEditorAssemblies (275ms)
				LogAssemblyErrors (0ms)
				InitializePlatformSupportModulesInManaged (7ms)
				SetLoadedEditorAssemblies (0ms)
				RefreshPlugins (1ms)
				BeforeProcessingInitializeOnLoad (60ms)
				ProcessInitializeOnLoadAttributes (200ms)
				ProcessInitializeOnLoadMethodAttributes (4ms)
				AfterProcessingInitializeOnLoad (4ms)
				EditorAssembliesLoaded (0ms)
			ExecutionOrderSort2 (0ms)
			AwakeInstancesAfterBackupRestoration (6ms)
Platform modules already initialized, skipping
========================================================================
Worker process is ready to serve import requests
Launched and connected shader compiler UnityShaderCompiler.exe after 0.04 seconds
Refreshing native plugins compatible for Editor in 0.49 ms, found 3 plugins.
Preloading 0 native plugins for Editor in 0.00 ms.
Unloading 2938 Unused Serialized files (Serialized files now loaded: 0)
System memory in use before: 105.6 MB.
System memory in use after: 105.7 MB.

Unloading 23 unused Assets to reduce memory usage. Loaded Objects now: 3382.
Total: 2.103100 ms (FindLiveObjects: 0.209500 ms CreateObjectMapping: 0.109700 ms MarkObjects: 1.718100 ms  DeleteObjects: 0.065200 ms)

AssetImportParameters requested are different than current active one (requested -> active):
  custom:framework-win-MediaFoundation: 216162199b28c13a410421893ffa2e32 -> 
  custom:video-decoder-ogg-theora: a1e56fd34408186e4bbccfd4996cb3dc -> 
  custom:container-muxer-webm: aa71ff27fc2769a1b78a27578f13a17b -> 
  custom:container-demuxer-webm: 4f35f7cbe854078d1ac9338744f61a02 -> 
  custom:container-demuxer-ogg: 62fdf1f143b41e24485cea50d1cbac27 -> 
  custom:video-encoder-webm-vp8: eb34c28f22e8b96e1ab97ce403110664 -> 
  custom:video-decoder-webm-vp8: 9c59270c3fd7afecdb556c50c9e8de78 -> 
  custom:audio-decoder-ogg-vorbis: bf7c407c2cedff20999df2af8eb42d56 -> 
  custom:audio-encoder-webm-vorbis: bf7c407c2cedff20999df2af8eb42d56 -> 
========================================================================
Received Import Request.
  path: Assets/Scenes/SampleScene.unity
  artifactKey: Guid(9fc0d4010bbf28b4594072e72b8655ab) Importer(815301076,1909f56bfc062723c751e8b465ee728b)
Start importing Assets/Scenes/SampleScene.unity using Guid(9fc0d4010bbf28b4594072e72b8655ab) Importer(815301076,1909f56bfc062723c751e8b465ee728b)  -> (artifact id: '7700b67415c44b062e3962f60689da43') in 0.063607 seconds 
========================================================================
Received Import Request.
  Time since last request: 3.380320 seconds.
  path: Assets/Scenes/SampleScene 1.unity
  artifactKey: Guid(0604177d1d8981a439901f5129919ebd) Importer(815301076,1909f56bfc062723c751e8b465ee728b)
Start importing Assets/Scenes/SampleScene 1.unity using Guid(0604177d1d8981a439901f5129919ebd) Importer(815301076,1909f56bfc062723c751e8b465ee728b)  -> (artifact id: 'd82add4a6bf85b11d95e093ffa441dd5') in 0.002250 seconds 
========================================================================
Received Import Request.
  Time since last request: 20.762713 seconds.
  path: Assets/Scenes/2D blend tree.unity
  artifactKey: Guid(0604177d1d8981a439901f5129919ebd) Importer(815301076,1909f56bfc062723c751e8b465ee728b)
Start importing Assets/Scenes/2D blend tree.unity using Guid(0604177d1d8981a439901f5129919ebd) Importer(815301076,1909f56bfc062723c751e8b465ee728b)  -> (artifact id: '0380308c45cb36955a3d51acb1bef92d') in 0.002071 seconds 
========================================================================
Received Import Request.
  Time since last request: 21.105582 seconds.
  path: Assets/Oldman/OldManController 1.controller
  artifactKey: Guid(345a66d2e5a9df94994c5cd473db8217) Importer(815301076,1909f56bfc062723c751e8b465ee728b)
Start importing Assets/Oldman/OldManController 1.controller using Guid(345a66d2e5a9df94994c5cd473db8217) Importer(815301076,1909f56bfc062723c751e8b465ee728b)  -> (artifact id: '142321660aaea0a3f5200d5b1bdbe353') in 0.028955 seconds 
========================================================================
Received Import Request.
  Time since last request: 9.025434 seconds.
  path: Assets/Oldman/2D blend Tree.controller
  artifactKey: Guid(345a66d2e5a9df94994c5cd473db8217) Importer(815301076,1909f56bfc062723c751e8b465ee728b)
Start importing Assets/Oldman/2D blend Tree.controller using Guid(345a66d2e5a9df94994c5cd473db8217) Importer(815301076,1909f56bfc062723c751e8b465ee728b)  -> (artifact id: 'c73d7c3d241b9f6fa9f2bde7bf79043d') in 0.011757 seconds 
========================================================================
Received Import Request.
  Time since last request: 92.695596 seconds.
  path: Assets/Scenes/2D blend tree.unity
  artifactKey: Guid(0604177d1d8981a439901f5129919ebd) Importer(815301076,1909f56bfc062723c751e8b465ee728b)
Start importing Assets/Scenes/2D blend tree.unity using Guid(0604177d1d8981a439901f5129919ebd) Importer(815301076,1909f56bfc062723c751e8b465ee728b)  -> (artifact id: '190e4ac4709f4bcb1daf69a4a4b267a8') in 0.001899 seconds 
========================================================================
Received Import Request.
  Time since last request: 66.435732 seconds.
  path: Assets/Animation/mixamo.com.anim
  artifactKey: Guid(ac6f951a3fb477045899940f23951bcc) Importer(815301076,1909f56bfc062723c751e8b465ee728b)
Start importing Assets/Animation/mixamo.com.anim using Guid(ac6f951a3fb477045899940f23951bcc) Importer(815301076,1909f56bfc062723c751e8b465ee728b)  -> (artifact id: '90d7ca02f43beb404a39c82dcb331a93') in 0.005829 seconds 
========================================================================
Received Import Request.
  Time since last request: 12.190929 seconds.
  path: Assets/Animation/Walk left.anim
  artifactKey: Guid(ac6f951a3fb477045899940f23951bcc) Importer(815301076,1909f56bfc062723c751e8b465ee728b)
Start importing Assets/Animation/Walk left.anim using Guid(ac6f951a3fb477045899940f23951bcc) Importer(815301076,1909f56bfc062723c751e8b465ee728b)  -> (artifact id: '69389c5a2ec0bd182a860ea7e4b80ee5') in 0.004450 seconds 
========================================================================
Received Import Request.
  Time since last request: 11.545143 seconds.
  path: Assets/Animation/mixamo.com.anim
  artifactKey: Guid(e9f7b8b4d08c9e541b9aac7e94b807aa) Importer(815301076,1909f56bfc062723c751e8b465ee728b)
Start importing Assets/Animation/mixamo.com.anim using Guid(e9f7b8b4d08c9e541b9aac7e94b807aa) Importer(815301076,1909f56bfc062723c751e8b465ee728b)  -> (artifact id: 'b03a1ade6b2ee93d05adeb58cbec5438') in 0.004310 seconds 
========================================================================
Received Import Request.
  Time since last request: 8.005866 seconds.
  path: Assets/Animation/Walk right.anim
  artifactKey: Guid(e9f7b8b4d08c9e541b9aac7e94b807aa) Importer(815301076,1909f56bfc062723c751e8b465ee728b)
Start importing Assets/Animation/Walk right.anim using Guid(e9f7b8b4d08c9e541b9aac7e94b807aa) Importer(815301076,1909f56bfc062723c751e8b465ee728b)  -> (artifact id: 'dfdf1b9beafa80a3b29725397bcdddcf') in 0.005335 seconds 
========================================================================
Received Import Request.
  Time since last request: 7.736485 seconds.
  path: Assets/Animation/mixamo.com.anim
  artifactKey: Guid(376cc849faec9b644b068cdda496fcee) Importer(815301076,1909f56bfc062723c751e8b465ee728b)
Start importing Assets/Animation/mixamo.com.anim using Guid(376cc849faec9b644b068cdda496fcee) Importer(815301076,1909f56bfc062723c751e8b465ee728b)  -> (artifact id: '81b27e4b208865d84339453789db14f7') in 0.005286 seconds 
========================================================================
Received Import Request.
  Time since last request: 8.711258 seconds.
  path: Assets/Animation/Run left.anim
  artifactKey: Guid(376cc849faec9b644b068cdda496fcee) Importer(815301076,1909f56bfc062723c751e8b465ee728b)
Start importing Assets/Animation/Run left.anim using Guid(376cc849faec9b644b068cdda496fcee) Importer(815301076,1909f56bfc062723c751e8b465ee728b)  -> (artifact id: 'f03bdfafbfcfff8a8b267180ccb560ee') in 0.006033 seconds 
========================================================================
Received Import Request.
  Time since last request: 13.381804 seconds.
  path: Assets/Animation/mixamo.com.anim
  artifactKey: Guid(60cfa990678ac094689bd087a1e0fa05) Importer(815301076,1909f56bfc062723c751e8b465ee728b)
Start importing Assets/Animation/mixamo.com.anim using Guid(60cfa990678ac094689bd087a1e0fa05) Importer(815301076,1909f56bfc062723c751e8b465ee728b)  -> (artifact id: 'aee2a394d626b57e1dd9c76bb35d19d3') in 0.005148 seconds 
========================================================================
Received Import Request.
  Time since last request: 7.110063 seconds.
  path: Assets/Animation/Run right.anim
  artifactKey: Guid(60cfa990678ac094689bd087a1e0fa05) Importer(815301076,1909f56bfc062723c751e8b465ee728b)
Start importing Assets/Animation/Run right.anim using Guid(60cfa990678ac094689bd087a1e0fa05) Importer(815301076,1909f56bfc062723c751e8b465ee728b)  -> (artifact id: '5084011cb2118e78f33d1034296a3778') in 0.004966 seconds 
========================================================================
Received Import Request.
  Time since last request: 4.352981 seconds.
  path: Assets/Oldman/2D blend Tree.controller
  artifactKey: Guid(345a66d2e5a9df94994c5cd473db8217) Importer(815301076,1909f56bfc062723c751e8b465ee728b)
Start importing Assets/Oldman/2D blend Tree.controller using Guid(345a66d2e5a9df94994c5cd473db8217) Importer(815301076,1909f56bfc062723c751e8b465ee728b)  -> (artifact id: '1d80bae3e8ad3cc7b0796abd9f2c4e76') in 0.006689 seconds 
========================================================================
Received Import Request.
  Time since last request: 1451.812963 seconds.
  path: Assets/Animation/mixamo.com.anim
  artifactKey: Guid(d52d2c2bed5099a4380c36c82a6ca8e8) Importer(815301076,1909f56bfc062723c751e8b465ee728b)
Start importing Assets/Animation/mixamo.com.anim using Guid(d52d2c2bed5099a4380c36c82a6ca8e8) Importer(815301076,1909f56bfc062723c751e8b465ee728b)  -> (artifact id: '046f63edc81f2212e253952390c33784') in 0.005424 seconds 
========================================================================
Received Import Request.
  Time since last request: 9.903818 seconds.
  path: Assets/Animation/Walk back.anim
  artifactKey: Guid(d52d2c2bed5099a4380c36c82a6ca8e8) Importer(815301076,1909f56bfc062723c751e8b465ee728b)
Start importing Assets/Animation/Walk back.anim using Guid(d52d2c2bed5099a4380c36c82a6ca8e8) Importer(815301076,1909f56bfc062723c751e8b465ee728b)  -> (artifact id: 'fc0843bcb4a8b7fb3bf13737916713f2') in 0.006482 seconds 
========================================================================
Received Import Request.
  Time since last request: 7.128607 seconds.
  path: Assets/Animation/mixamo.com.anim
  artifactKey: Guid(87025686d405aa247b3800c89298fb14) Importer(815301076,1909f56bfc062723c751e8b465ee728b)
Start importing Assets/Animation/mixamo.com.anim using Guid(87025686d405aa247b3800c89298fb14) Importer(815301076,1909f56bfc062723c751e8b465ee728b)  -> (artifact id: 'a6f94701028d25a1507fa06933a131d5') in 0.005522 seconds 
========================================================================
Received Import Request.
  Time since last request: 7.250530 seconds.
  path: Assets/Animation/Run back.anim
  artifactKey: Guid(87025686d405aa247b3800c89298fb14) Importer(815301076,1909f56bfc062723c751e8b465ee728b)
Start importing Assets/Animation/Run back.anim using Guid(87025686d405aa247b3800c89298fb14) Importer(815301076,1909f56bfc062723c751e8b465ee728b)  -> (artifact id: '06b8f2fe71a734c36fef26d22680ea49') in 0.006313 seconds 
========================================================================
Received Import Request.
  Time since last request: 457.433587 seconds.
  path: Assets/blendTreeAni.cs
  artifactKey: Guid(7dbc17b29c46a6e4689fd2d4378ac049) Importer(815301076,1909f56bfc062723c751e8b465ee728b)
Start importing Assets/blendTreeAni.cs using Guid(7dbc17b29c46a6e4689fd2d4378ac049) Importer(815301076,1909f56bfc062723c751e8b465ee728b)  -> (artifact id: '4181c31bd9c8d2903e5c7523f720336c') in 0.004834 seconds 
========================================================================
Received Prepare
Registering precompiled user dll's ...
Registered in 0.006509 seconds.
Begin MonoManager ReloadAssembly
Symbol file LoadedFromMemory doesn't match image C:\Users\270030111\Unity Project 05 - Animation\Library\PackageCache\com.unity.visualscripting@1.6.1\Editor\VisualScripting.Core\Dependencies\YamlDotNet\Unity.VisualScripting.YamlDotNet.dll
Symbol file LoadedFromMemory doesn't match image C:\Users\270030111\Unity Project 05 - Animation\Library\PackageCache\com.unity.visualscripting@1.6.1\Editor\VisualScripting.Core\Dependencies\DotNetZip\Unity.VisualScripting.IonicZip.dll
Native extension for LinuxStandalone target not found
Native extension for WindowsStandalone target not found
Native extension for OSXStandalone target not found
Native extension for WebGL target not found
Refreshing native plugins compatible for Editor in 0.52 ms, found 3 plugins.
Preloading 0 native plugins for Editor in 0.00 ms.
Mono: successfully reloaded assembly
- Completed reload, in  1.208 seconds
Domain Reload Profiling:
	ReloadAssembly (1209ms)
		BeginReloadAssembly (128ms)
			ExecutionOrderSort (0ms)
			DisableScriptedObjects (7ms)
			BackupInstance (0ms)
			ReleaseScriptingObjects (0ms)
			CreateAndSetChildDomain (39ms)
		EndReloadAssembly (1001ms)
			LoadAssemblies (97ms)
			RebuildTransferFunctionScriptingTraits (0ms)
			SetupTypeCache (478ms)
			ReleaseScriptCaches (1ms)
			RebuildScriptCaches (40ms)
			SetupLoadedEditorAssemblies (306ms)
				LogAssemblyErrors (0ms)
				InitializePlatformSupportModulesInManaged (8ms)
				SetLoadedEditorAssemblies (0ms)
				RefreshPlugins (1ms)
				BeforeProcessingInitializeOnLoad (59ms)
				ProcessInitializeOnLoadAttributes (230ms)
				ProcessInitializeOnLoadMethodAttributes (3ms)
				AfterProcessingInitializeOnLoad (5ms)
				EditorAssembliesLoaded (0ms)
			ExecutionOrderSort2 (0ms)
			AwakeInstancesAfterBackupRestoration (7ms)
Platform modules already initialized, skipping
Refreshing native plugins compatible for Editor in 0.51 ms, found 3 plugins.
Preloading 0 native plugins for Editor in 0.00 ms.
Unloading 2934 Unused Serialized files (Serialized files now loaded: 0)
System memory in use before: 105.6 MB.
System memory in use after: 105.8 MB.

Unloading 18 unused Assets to reduce memory usage. Loaded Objects now: 3386.
Total: 2.150300 ms (FindLiveObjects: 0.221700 ms CreateObjectMapping: 0.109000 ms MarkObjects: 1.770200 ms  DeleteObjects: 0.048700 ms)

AssetImportParameters requested are different than current active one (requested -> active):
  custom:framework-win-MediaFoundation: 216162199b28c13a410421893ffa2e32 -> 
  custom:video-decoder-ogg-theora: a1e56fd34408186e4bbccfd4996cb3dc -> 
  custom:container-muxer-webm: aa71ff27fc2769a1b78a27578f13a17b -> 
  custom:container-demuxer-webm: 4f35f7cbe854078d1ac9338744f61a02 -> 
  custom:container-demuxer-ogg: 62fdf1f143b41e24485cea50d1cbac27 -> 
  custom:video-encoder-webm-vp8: eb34c28f22e8b96e1ab97ce403110664 -> 
  custom:video-decoder-webm-vp8: 9c59270c3fd7afecdb556c50c9e8de78 -> 
  custom:audio-decoder-ogg-vorbis: bf7c407c2cedff20999df2af8eb42d56 -> 
  custom:audio-encoder-webm-vorbis: bf7c407c2cedff20999df2af8eb42d56 -> 
========================================================================
Received Import Request.
  Time since last request: 21.925076 seconds.
  path: Assets/Player_Ani.cs
  artifactKey: Guid(66ee8d6eb2ff26047907b7ecfe477141) Importer(815301076,1909f56bfc062723c751e8b465ee728b)
Start importing Assets/Player_Ani.cs using Guid(66ee8d6eb2ff26047907b7ecfe477141) Importer(815301076,1909f56bfc062723c751e8b465ee728b)  -> (artifact id: 'f8221b6a7688c7c188134cfa3425d572') in 0.005522 seconds 
========================================================================
Received Prepare
Registering precompiled user dll's ...
Registered in 0.004205 seconds.
Begin MonoManager ReloadAssembly
Symbol file LoadedFromMemory doesn't match image C:\Users\270030111\Unity Project 05 - Animation\Library\PackageCache\com.unity.visualscripting@1.6.1\Editor\VisualScripting.Core\Dependencies\YamlDotNet\Unity.VisualScripting.YamlDotNet.dll
Symbol file LoadedFromMemory doesn't match image C:\Users\270030111\Unity Project 05 - Animation\Library\PackageCache\com.unity.visualscripting@1.6.1\Editor\VisualScripting.Core\Dependencies\DotNetZip\Unity.VisualScripting.IonicZip.dll
Native extension for LinuxStandalone target not found
Native extension for WindowsStandalone target not found
Native extension for OSXStandalone target not found
Native extension for WebGL target not found
Refreshing native plugins compatible for Editor in 0.51 ms, found 3 plugins.
Preloading 0 native plugins for Editor in 0.00 ms.
Mono: successfully reloaded assembly
- Completed reload, in  0.898 seconds
Domain Reload Profiling:
	ReloadAssembly (898ms)
		BeginReloadAssembly (103ms)
			ExecutionOrderSort (0ms)
			DisableScriptedObjects (4ms)
			BackupInstance (0ms)
			ReleaseScriptingObjects (0ms)
			CreateAndSetChildDomain (32ms)
		EndReloadAssembly (744ms)
			LoadAssemblies (72ms)
			RebuildTransferFunctionScriptingTraits (0ms)
			SetupTypeCache (291ms)
			ReleaseScriptCaches (1ms)
			RebuildScriptCaches (34ms)
			SetupLoadedEditorAssemblies (254ms)
				LogAssemblyErrors (0ms)
				InitializePlatformSupportModulesInManaged (7ms)
				SetLoadedEditorAssemblies (0ms)
				RefreshPlugins (1ms)
				BeforeProcessingInitializeOnLoad (45ms)
				ProcessInitializeOnLoadAttributes (193ms)
				ProcessInitializeOnLoadMethodAttributes (3ms)
				AfterProcessingInitializeOnLoad (4ms)
				EditorAssembliesLoaded (0ms)
			ExecutionOrderSort2 (0ms)
			AwakeInstancesAfterBackupRestoration (6ms)
Platform modules already initialized, skipping
Refreshing native plugins compatible for Editor in 0.60 ms, found 3 plugins.
Preloading 0 native plugins for Editor in 0.00 ms.
Unloading 2934 Unused Serialized files (Serialized files now loaded: 0)
System memory in use before: 105.7 MB.
System memory in use after: 105.9 MB.

Unloading 18 unused Assets to reduce memory usage. Loaded Objects now: 3389.
Total: 2.452700 ms (FindLiveObjects: 0.222400 ms CreateObjectMapping: 0.119500 ms MarkObjects: 2.068400 ms  DeleteObjects: 0.041700 ms)

AssetImportParameters requested are different than current active one (requested -> active):
  custom:framework-win-MediaFoundation: 216162199b28c13a410421893ffa2e32 -> 
  custom:video-decoder-ogg-theora: a1e56fd34408186e4bbccfd4996cb3dc -> 
  custom:container-muxer-webm: aa71ff27fc2769a1b78a27578f13a17b -> 
  custom:container-demuxer-webm: 4f35f7cbe854078d1ac9338744f61a02 -> 
  custom:container-demuxer-ogg: 62fdf1f143b41e24485cea50d1cbac27 -> 
  custom:video-encoder-webm-vp8: eb34c28f22e8b96e1ab97ce403110664 -> 
  custom:video-decoder-webm-vp8: 9c59270c3fd7afecdb556c50c9e8de78 -> 
  custom:audio-decoder-ogg-vorbis: bf7c407c2cedff20999df2af8eb42d56 -> 
  custom:audio-encoder-webm-vorbis: bf7c407c2cedff20999df2af8eb42d56 -> 
========================================================================
Received Prepare
Registering precompiled user dll's ...
Registered in 0.004453 seconds.
Begin MonoManager ReloadAssembly
Symbol file LoadedFromMemory doesn't match image C:\Users\270030111\Unity Project 05 - Animation\Library\PackageCache\com.unity.visualscripting@1.6.1\Editor\VisualScripting.Core\Dependencies\YamlDotNet\Unity.VisualScripting.YamlDotNet.dll
Symbol file LoadedFromMemory doesn't match image C:\Users\270030111\Unity Project 05 - Animation\Library\PackageCache\com.unity.visualscripting@1.6.1\Editor\VisualScripting.Core\Dependencies\DotNetZip\Unity.VisualScripting.IonicZip.dll
Native extension for LinuxStandalone target not found
Native extension for WindowsStandalone target not found
Native extension for OSXStandalone target not found
Native extension for WebGL target not found
Refreshing native plugins compatible for Editor in 0.56 ms, found 3 plugins.
Preloading 0 native plugins for Editor in 0.00 ms.
Mono: successfully reloaded assembly
- Completed reload, in  0.982 seconds
Domain Reload Profiling:
	ReloadAssembly (983ms)
		BeginReloadAssembly (109ms)
			ExecutionOrderSort (0ms)
			DisableScriptedObjects (4ms)
			BackupInstance (0ms)
			ReleaseScriptingObjects (0ms)
			CreateAndSetChildDomain (32ms)
		EndReloadAssembly (815ms)
			LoadAssemblies (78ms)
			RebuildTransferFunctionScriptingTraits (0ms)
			SetupTypeCache (329ms)
			ReleaseScriptCaches (1ms)
			RebuildScriptCaches (37ms)
			SetupLoadedEditorAssemblies (275ms)
				LogAssemblyErrors (0ms)
				InitializePlatformSupportModulesInManaged (7ms)
				SetLoadedEditorAssemblies (0ms)
				RefreshPlugins (1ms)
				BeforeProcessingInitializeOnLoad (50ms)
				ProcessInitializeOnLoadAttributes (208ms)
				ProcessInitializeOnLoadMethodAttributes (4ms)
				AfterProcessingInitializeOnLoad (4ms)
				EditorAssembliesLoaded (0ms)
			ExecutionOrderSort2 (0ms)
			AwakeInstancesAfterBackupRestoration (8ms)
Platform modules already initialized, skipping
Refreshing native plugins compatible for Editor in 0.52 ms, found 3 plugins.
Preloading 0 native plugins for Editor in 0.00 ms.
Unloading 2934 Unused Serialized files (Serialized files now loaded: 0)
System memory in use before: 105.7 MB.
System memory in use after: 105.9 MB.

Unloading 18 unused Assets to reduce memory usage. Loaded Objects now: 3392.
Total: 2.236700 ms (FindLiveObjects: 0.227800 ms CreateObjectMapping: 0.121000 ms MarkObjects: 1.839700 ms  DeleteObjects: 0.047000 ms)

AssetImportParameters requested are different than current active one (requested -> active):
  custom:framework-win-MediaFoundation: 216162199b28c13a410421893ffa2e32 -> 
  custom:video-decoder-ogg-theora: a1e56fd34408186e4bbccfd4996cb3dc -> 
  custom:container-muxer-webm: aa71ff27fc2769a1b78a27578f13a17b -> 
  custom:container-demuxer-webm: 4f35f7cbe854078d1ac9338744f61a02 -> 
  custom:container-demuxer-ogg: 62fdf1f143b41e24485cea50d1cbac27 -> 
  custom:video-encoder-webm-vp8: eb34c28f22e8b96e1ab97ce403110664 -> 
  custom:video-decoder-webm-vp8: 9c59270c3fd7afecdb556c50c9e8de78 -> 
  custom:audio-decoder-ogg-vorbis: bf7c407c2cedff20999df2af8eb42d56 -> 
  custom:audio-encoder-webm-vorbis: bf7c407c2cedff20999df2af8eb42d56 -> 
AssetImportWorkerClient::OnTransportError - code=2 error=End of file
